0 info it worked if it ends with ok
1 verbose cli [ 'C:\\Program Files\\nodejs\\node.exe',
1 verbose cli   'C:\\Program Files\\nodejs\\node_modules\\npm\\bin\\npm-cli.js',
1 verbose cli   'install',
1 verbose cli   'ascema' ]
2 info using npm@2.14.4
3 info using node@v4.1.2
4 verbose install initial load of C:\nodedeploytest\package.json
5 warn package.json btp@0.0.0 No README data
6 verbose installManyTop reading scoped package data from C:\nodedeploytest\node_modules\body-parser\package.json
7 verbose installManyTop reading scoped package data from C:\nodedeploytest\node_modules\debug\package.json
8 verbose installManyTop reading scoped package data from C:\nodedeploytest\node_modules\express\package.json
9 verbose installManyTop reading scoped package data from C:\nodedeploytest\node_modules\json2csv\package.json
10 verbose installManyTop reading scoped package data from C:\nodedeploytest\node_modules\mongojs\package.json
11 verbose readDependencies loading dependencies from C:\nodedeploytest\package.json
12 silly cache add args [ 'ascema', null ]
13 verbose cache add spec ascema
14 silly cache add parsed spec Result {
14 silly cache add   raw: 'ascema',
14 silly cache add   scope: null,
14 silly cache add   name: 'ascema',
14 silly cache add   rawSpec: '',
14 silly cache add   spec: '*',
14 silly cache add   type: 'range' }
15 silly addNamed ascema@*
16 verbose addNamed "*" is a valid semver range for ascema
17 silly addNameRange { name: 'ascema', range: '*', hasData: false }
18 silly mapToRegistry name ascema
19 silly mapToRegistry using default registry
20 silly mapToRegistry registry https://registry.npmjs.org/
21 silly mapToRegistry uri https://registry.npmjs.org/ascema
22 verbose addNameRange registry:https://registry.npmjs.org/ascema not in flight; fetching
23 verbose request uri https://registry.npmjs.org/ascema
24 verbose request no auth needed
25 info attempt registry request try #1 at 8:22:10 PM
26 verbose request id d3c9f93a1ebcb03a
27 http request GET https://registry.npmjs.org/ascema
28 http 404 https://registry.npmjs.org/ascema
29 verbose headers { 'content-type': 'application/json',
29 verbose headers   'cache-control': 'max-age=0',
29 verbose headers   'content-length': '2',
29 verbose headers   'accept-ranges': 'bytes',
29 verbose headers   date: 'Wed, 04 Nov 2015 14:53:50 GMT',
29 verbose headers   via: '1.1 varnish',
29 verbose headers   age: '0',
29 verbose headers   connection: 'close',
29 verbose headers   'x-served-by': 'cache-sin6921-SIN',
29 verbose headers   'x-cache': 'MISS',
29 verbose headers   'x-cache-hits': '0',
29 verbose headers   'x-timer': 'S1446648829.768126,VS0,VE1001' }
30 silly get cb [ 404,
30 silly get   { 'content-type': 'application/json',
30 silly get     'cache-control': 'max-age=0',
30 silly get     'content-length': '2',
30 silly get     'accept-ranges': 'bytes',
30 silly get     date: 'Wed, 04 Nov 2015 14:53:50 GMT',
30 silly get     via: '1.1 varnish',
30 silly get     age: '0',
30 silly get     connection: 'close',
30 silly get     'x-served-by': 'cache-sin6921-SIN',
30 silly get     'x-cache': 'MISS',
30 silly get     'x-cache-hits': '0',
30 silly get     'x-timer': 'S1446648829.768126,VS0,VE1001' } ]
31 verbose stack Error: Registry returned 404 for GET on https://registry.npmjs.org/ascema
31 verbose stack     at makeError (C:\Program Files\nodejs\node_modules\npm\node_modules\npm-registry-client\lib\request.js:263:12)
31 verbose stack     at CachingRegistryClient.<anonymous> (C:\Program Files\nodejs\node_modules\npm\node_modules\npm-registry-client\lib\request.js:241:14)
31 verbose stack     at Request._callback (C:\Program Files\nodejs\node_modules\npm\node_modules\npm-registry-client\lib\request.js:171:14)
31 verbose stack     at Request.self.callback (C:\Program Files\nodejs\node_modules\npm\node_modules\request\request.js:198:22)
31 verbose stack     at emitTwo (events.js:87:13)
31 verbose stack     at Request.emit (events.js:172:7)
31 verbose stack     at Request.<anonymous> (C:\Program Files\nodejs\node_modules\npm\node_modules\request\request.js:1073:14)
31 verbose stack     at emitOne (events.js:82:20)
31 verbose stack     at Request.emit (events.js:169:7)
31 verbose stack     at IncomingMessage.<anonymous> (C:\Program Files\nodejs\node_modules\npm\node_modules\request\request.js:1019:12)
32 verbose statusCode 404
33 verbose pkgid ascema
34 verbose cwd C:\nodedeploytest
35 error Windows_NT 6.3.9600
36 error argv "C:\\Program Files\\nodejs\\node.exe" "C:\\Program Files\\nodejs\\node_modules\\npm\\bin\\npm-cli.js" "install" "ascema"
37 error node v4.1.2
38 error npm  v2.14.4
39 error code E404
40 error 404 Registry returned 404 for GET on https://registry.npmjs.org/ascema
40 error 404
40 error 404 'ascema' is not in the npm registry.
40 error 404 You should bug the author to publish it (or use the name yourself!)
40 error 404 It was specified as a dependency of 'btp'
40 error 404
40 error 404 Note that you can also install from a
40 error 404 tarball, folder, http url, or git url.
41 verbose exit [ 1, true ]
